Starting deployment at Sat Aug  2 22:28:20 EDT 2025
[0;32m[SUCCESS][0m All prerequisites are installed
[0;34m[INFO][0m Creating production .env file from template...
[0;32m[SUCCESS][0m Environment file created with secure secrets
[1;33m[WARNING][0m Please review and update .env file with your specific configuration
[0;32m[SUCCESS][0m Created necessary directories
[0;34m[INFO][0m Using localhost - SSL setup skipped
[0;32m[SUCCESS][0m Services deployed successfully
[0;34m[INFO][0m Waiting for database to be ready...
[0;34m[INFO][0m Waiting for backend to be ready...
[0;32m[SUCCESS][0m All services are ready
[0;34m[INFO][0m Running database migrations...
[0;32m[SUCCESS][0m Database initialized successfully
[0;34m[INFO][0m Configuring log rotation...
[0;34m[INFO][0m Setting up health check monitoring...
[0;32m[SUCCESS][0m Monitoring configured
[0;34m[INFO][0m Creating database backup...
[0;34m[INFO][0m Backing up configuration...
[0;32m[SUCCESS][0m Backup created in ./backups
[0;32m[SUCCESS][0m 🎉 Aegis Risk Management Platform deployed successfully!
Deployment completed at Sat Aug  2 22:31:17 EDT 2025
