[0;32m[INFO][0m Starting Aegis Platform production deployment
[2025-08-07 11:21:59] [INFO] Starting Aegis Platform production deployment
[0;32m[INFO][0m Deployment log: ./logs/deployment_20250807_112159.log
[2025-08-07 11:21:59] [INFO] Deployment log: ./logs/deployment_20250807_112159.log
[0;32m[INFO][0m Checking prerequisites...
[2025-08-07 11:21:59] [INFO] Checking prerequisites...
[0;32m[INFO][0m Prerequisites check completed
[2025-08-07 11:21:59] [INFO] Prerequisites check completed
[0;32m[INFO][0m Checking SSL certificates...
[2025-08-07 11:21:59] [INFO] Checking SSL certificates...
[0;32m[INFO][0m Generating self-signed SSL certificates...
[2025-08-07 11:21:59] [INFO] Generating self-signed SSL certificates...
[1;33m[WARN][0m For production, replace with proper SSL certificates from a CA
[2025-08-07 11:21:59] [WARN] For production, replace with proper SSL certificates from a CA
[0;32m[INFO][0m SSL certificates generated
[2025-08-07 11:21:59] [INFO] SSL certificates generated
[0;32m[INFO][0m Creating backup...
[2025-08-07 11:21:59] [INFO] Creating backup...
[0;32m[INFO][0m Backing up database...
[2025-08-07 11:22:00] [INFO] Backing up database...
